<?xml version="1.0" encoding="UTF-8"?>
<testng-results ignored="0" total="8" passed="7" failed="1" skipped="0">
  <reporter-output>
  </reporter-output>
  <suite started-at="2020-09-09T22:34:17 BST" name="Command line suite" finished-at="2020-09-09T22:35:37 BST" duration-ms="80045">
    <groups>
      <group name="regression">
        <method signature="AddUserTest.addNewUser()[pri:0, instance:UserManagementTests.AddUserTest@15eb5ee5]" name="addNewUser" class="UserManagementTests.AddUserTest"/>
        <method signature="ApplyForLeaveTest.applyForLeave()[pri:0, instance:LeaveTests.ApplyForLeaveTest@3d74bf60]" name="applyForLeave" class="LeaveTests.ApplyForLeaveTest"/>
      </group> <!-- regression -->
      <group name="smoke">
        <method signature="AddUserTest.addNewUser()[pri:0, instance:UserManagementTests.AddUserTest@15eb5ee5]" name="addNewUser" class="UserManagementTests.AddUserTest"/>
        <method signature="AddUserTest.verifyNewUserAdded()[pri:0, instance:UserManagementTests.AddUserTest@15eb5ee5]" name="verifyNewUserAdded" class="UserManagementTests.AddUserTest"/>
      </group> <!-- smoke -->
      <group name="sanity">
        <method signature="DeleteUserTest.deleteUser()[pri:0, instance:UserManagementTests.DeleteUserTest@4f209819]" name="deleteUser" class="UserManagementTests.DeleteUserTest"/>
      </group> <!-- sanity -->
    </groups>
    <test started-at="2020-09-09T22:34:17 BST" name="Command line test" finished-at="2020-09-09T22:35:37 BST" duration-ms="80045">
      <class name="UserManagementTests.DeleteUserTest">
        <test-method is-config="true" signature="initializeDriver()[pri:0, instance:UserManagementTests.DeleteUserTest@4f209819]" started-at="2020-09-09T22:35:10 BST" name="initializeDriver" finished-at="2020-09-09T22:35:14 BST" duration-ms="4135" status="PASS">
          <reporter-output>
          </reporter-output>
        </test-method> <!-- initializeDriver -->
        <test-method signature="deleteUser()[pri:0, instance:UserManagementTests.DeleteUserTest@4f209819]" started-at="2020-09-09T22:35:14 BST" name="deleteUser" finished-at="2020-09-09T22:35:24 BST" duration-ms="9269" status="PASS">
          <reporter-output>
          </reporter-output>
        </test-method> <!-- deleteUser -->
        <test-method is-config="true" signature="teardown()[pri:0, instance:UserManagementTests.DeleteUserTest@4f209819]" started-at="2020-09-09T22:35:24 BST" name="teardown" finished-at="2020-09-09T22:35:24 BST" duration-ms="225" status="PASS">
          <reporter-output>
          </reporter-output>
        </test-method> <!-- teardown -->
      </class> <!-- UserManagementTests.DeleteUserTest -->
      <class name="UserManagementTests.AddUserTest">
        <test-method is-config="true" signature="initializeDriver()[pri:0, instance:UserManagementTests.AddUserTest@15eb5ee5]" started-at="2020-09-09T22:35:24 BST" name="initializeDriver" finished-at="2020-09-09T22:35:27 BST" duration-ms="3591" status="PASS">
          <reporter-output>
          </reporter-output>
        </test-method> <!-- initializeDriver -->
        <test-method signature="addNewUser()[pri:0, instance:UserManagementTests.AddUserTest@15eb5ee5]" started-at="2020-09-09T22:35:27 BST" name="addNewUser" finished-at="2020-09-09T22:35:33 BST" duration-ms="5271" status="PASS">
          <reporter-output>
          </reporter-output>
        </test-method> <!-- addNewUser -->
        <test-method signature="verifyNewUserAdded()[pri:0, instance:UserManagementTests.AddUserTest@15eb5ee5]" started-at="2020-09-09T22:35:33 BST" name="verifyNewUserAdded" finished-at="2020-09-09T22:35:37 BST" duration-ms="4404" status="PASS">
          <reporter-output>
          </reporter-output>
        </test-method> <!-- verifyNewUserAdded -->
        <test-method is-config="true" signature="teardown()[pri:0, instance:UserManagementTests.AddUserTest@15eb5ee5]" started-at="2020-09-09T22:35:37 BST" name="teardown" finished-at="2020-09-09T22:35:37 BST" duration-ms="188" status="PASS">
          <reporter-output>
          </reporter-output>
        </test-method> <!-- teardown -->
      </class> <!-- UserManagementTests.AddUserTest -->
      <class name="LeaveTests.CancelLeaveFromMyLeavePageTest">
        <test-method is-config="true" signature="initializeDriver()[pri:0, instance:LeaveTests.CancelLeaveFromMyLeavePageTest@15c43bd9]" started-at="2020-09-09T22:34:40 BST" name="initializeDriver" finished-at="2020-09-09T22:34:44 BST" duration-ms="3996" status="PASS">
          <reporter-output>
          </reporter-output>
        </test-method> <!-- initializeDriver -->
        <test-method signature="cancelLeaveWithTypeVacationFromMyLeavePage()[pri:0, instance:LeaveTests.CancelLeaveFromMyLeavePageTest@15c43bd9]" started-at="2020-09-09T22:34:44 BST" name="cancelLeaveWithTypeVacationFromMyLeavePage" finished-at="2020-09-09T22:34:49 BST" duration-ms="5331" status="PASS">
          <reporter-output>
          </reporter-output>
        </test-method> <!-- cancelLeaveWithTypeVacationFromMyLeavePage -->
        <test-method is-config="true" signature="teardown()[pri:0, instance:LeaveTests.CancelLeaveFromMyLeavePageTest@15c43bd9]" started-at="2020-09-09T22:34:49 BST" name="teardown" finished-at="2020-09-09T22:34:50 BST" duration-ms="213" status="PASS">
          <reporter-output>
          </reporter-output>
        </test-method> <!-- teardown -->
      </class> <!-- LeaveTests.CancelLeaveFromMyLeavePageTest -->
      <class name="LeaveTests.VerifyAllCheckboxesSelectedTest">
        <test-method is-config="true" signature="initializeDriver()[pri:0, instance:LeaveTests.VerifyAllCheckboxesSelectedTest@41e36e46]" started-at="2020-09-09T22:34:32 BST" name="initializeDriver" finished-at="2020-09-09T22:34:35 BST" duration-ms="3831" status="PASS">
          <reporter-output>
          </reporter-output>
        </test-method> <!-- initializeDriver -->
        <test-method signature="verifyAllCheckBoxesSelected()[pri:0, instance:LeaveTests.VerifyAllCheckboxesSelectedTest@41e36e46]" started-at="2020-09-09T22:34:35 BST" name="verifyAllCheckBoxesSelected" finished-at="2020-09-09T22:34:40 BST" duration-ms="4311" status="PASS">
          <reporter-output>
          </reporter-output>
        </test-method> <!-- verifyAllCheckBoxesSelected -->
        <test-method is-config="true" signature="teardown()[pri:0, instance:LeaveTests.VerifyAllCheckboxesSelectedTest@41e36e46]" started-at="2020-09-09T22:34:40 BST" name="teardown" finished-at="2020-09-09T22:34:40 BST" duration-ms="325" status="PASS">
          <reporter-output>
          </reporter-output>
        </test-method> <!-- teardown -->
      </class> <!-- LeaveTests.VerifyAllCheckboxesSelectedTest -->
      <class name="LeaveTests.ApplyForLeaveTest">
        <test-method is-config="true" signature="initializeDriver()[pri:0, instance:LeaveTests.ApplyForLeaveTest@3d74bf60]" started-at="2020-09-09T22:34:50 BST" name="initializeDriver" finished-at="2020-09-09T22:34:53 BST" duration-ms="3541" status="PASS">
          <reporter-output>
          </reporter-output>
        </test-method> <!-- initializeDriver -->
        <test-method signature="applyForLeave()[pri:0, instance:LeaveTests.ApplyForLeaveTest@3d74bf60]" started-at="2020-09-09T22:34:53 BST" name="applyForLeave" finished-at="2020-09-09T22:35:10 BST" duration-ms="16826" status="FAIL">
          <exception class="org.openqa.selenium.ElementNotInteractableException">
            <message>
              <![CDATA[element not interactable
  (Session info: chrome=85.0.4183.83)
Build info: version: '3.141.59', revision: 'e82be7d358', time: '2018-11-14T08:17:03'
System info: host: 'Pauls-MacBook-Air.local', ip: 'fe80:0:0:0:82:76bf:6aa2:7e92%en0', os.name: 'Mac OS X', os.arch: 'x86_64', os.version: '10.14.6', java.version: '11.0.2'
Driver info: org.openqa.selenium.chrome.ChromeDriver
Capabilities {acceptInsecureCerts: false, browserName: chrome, browserVersion: 85.0.4183.83, chrome: {chromedriverVersion: 85.0.4183.87 (cd6713ebf92fa..., userDataDir: /var/folders/n4/1w5frwzs6nn...}, goog:chromeOptions: {debuggerAddress: localhost:58718}, javascriptEnabled: true, networkConnectionEnabled: false, pageLoadStrategy: normal, platform: MAC, platformName: MAC, proxy: Proxy(), setWindowRect: true, strictFileInteractability: false, timeouts: {implicit: 0, pageLoad: 300000, script: 30000}, unhandledPromptBehavior: dismiss and notify, webauthn:virtualAuthenticators: true}
Session ID: 8b96857cf471d1768f69849674192150]]>
            </message>
            <full-stacktrace>
              <![CDATA[org.openqa.selenium.ElementNotInteractableException: element not interactable
  (Session info: chrome=85.0.4183.83)
Build info: version: '3.141.59', revision: 'e82be7d358', time: '2018-11-14T08:17:03'
System info: host: 'Pauls-MacBook-Air.local', ip: 'fe80:0:0:0:82:76bf:6aa2:7e92%en0', os.name: 'Mac OS X', os.arch: 'x86_64', os.version: '10.14.6', java.version: '11.0.2'
Driver info: org.openqa.selenium.chrome.ChromeDriver
Capabilities {acceptInsecureCerts: false, browserName: chrome, browserVersion: 85.0.4183.83, chrome: {chromedriverVersion: 85.0.4183.87 (cd6713ebf92fa..., userDataDir: /var/folders/n4/1w5frwzs6nn...}, goog:chromeOptions: {debuggerAddress: localhost:58718}, javascriptEnabled: true, networkConnectionEnabled: false, pageLoadStrategy: normal, platform: MAC, platformName: MAC, proxy: Proxy(), setWindowRect: true, strictFileInteractability: false, timeouts: {implicit: 0, pageLoad: 300000, script: 30000}, unhandledPromptBehavior: dismiss and notify, webauthn:virtualAuthenticators: true}
Session ID: 8b96857cf471d1768f69849674192150
at java.base/jdk.internal.reflect.NativeConstructorAccessorImpl.newInstance0(Native Method)
at java.base/jdk.internal.reflect.NativeConstructorAccessorImpl.newInstance(NativeConstructorAccessorImpl.java:62)
at java.base/jdk.internal.reflect.DelegatingConstructorAccessorImpl.newInstance(DelegatingConstructorAccessorImpl.java:45)
at java.base/java.lang.reflect.Constructor.newInstance(Constructor.java:490)
at org.openqa.selenium.remote.http.W3CHttpResponseCodec.createException(W3CHttpResponseCodec.java:187)
at org.openqa.selenium.remote.http.W3CHttpResponseCodec.decode(W3CHttpResponseCodec.java:122)
at org.openqa.selenium.remote.http.W3CHttpResponseCodec.decode(W3CHttpResponseCodec.java:49)
at org.openqa.selenium.remote.HttpCommandExecutor.execute(HttpCommandExecutor.java:158)
at org.openqa.selenium.remote.service.DriverCommandExecutor.execute(DriverCommandExecutor.java:83)
at org.openqa.selenium.remote.RemoteWebDriver.execute(RemoteWebDriver.java:552)
at org.openqa.selenium.remote.RemoteWebElement.execute(RemoteWebElement.java:285)
at org.openqa.selenium.remote.RemoteWebElement.click(RemoteWebElement.java:84)
at PageObject.ApplyPageObject.selectDate(ApplyPageObject.java:35)
at LeaveTests.ApplyForLeaveTest.applyForLeave(ApplyForLeaveTest.java:28)
at java.base/jdk.internal.reflect.NativeMethodAccessorImpl.invoke0(Native Method)
at java.base/jdk.internal.reflect.NativeMethodAccessorImpl.invoke(NativeMethodAccessorImpl.java:62)
at java.base/jdk.internal.reflect.DelegatingMethodAccessorImpl.invoke(DelegatingMethodAccessorImpl.java:43)
at java.base/java.lang.reflect.Method.invoke(Method.java:566)
at org.testng.internal.MethodInvocationHelper.invokeMethod(MethodInvocationHelper.java:133)
at org.testng.internal.TestInvoker.invokeMethod(TestInvoker.java:584)
at org.testng.internal.TestInvoker.invokeTestMethod(TestInvoker.java:172)
at org.testng.internal.MethodRunner.runInSequence(MethodRunner.java:46)
at org.testng.internal.TestInvoker$MethodInvocationAgent.invoke(TestInvoker.java:804)
at org.testng.internal.TestInvoker.invokeTestMethods(TestInvoker.java:145)
at org.testng.internal.TestMethodWorker.invokeTestMethods(TestMethodWorker.java:146)
at org.testng.internal.TestMethodWorker.run(TestMethodWorker.java:128)
at java.base/java.util.ArrayList.forEach(ArrayList.java:1540)
at org.testng.TestRunner.privateRun(TestRunner.java:770)
at org.testng.TestRunner.run(TestRunner.java:591)
at org.testng.SuiteRunner.runTest(SuiteRunner.java:402)
at org.testng.SuiteRunner.runSequentially(SuiteRunner.java:396)
at org.testng.SuiteRunner.privateRun(SuiteRunner.java:355)
at org.testng.SuiteRunner.run(SuiteRunner.java:304)
at org.testng.SuiteRunnerWorker.runSuite(SuiteRunnerWorker.java:53)
at org.testng.SuiteRunnerWorker.run(SuiteRunnerWorker.java:96)
at org.testng.TestNG.runSuitesSequentially(TestNG.java:1180)
at org.testng.TestNG.runSuitesLocally(TestNG.java:1102)
at org.testng.TestNG.runSuites(TestNG.java:1032)
at org.testng.TestNG.run(TestNG.java:1000)
at org.apache.maven.surefire.testng.TestNGExecutor.run(TestNGExecutor.java:77)
at org.apache.maven.surefire.testng.TestNGDirectoryTestSuite.executeMulti(TestNGDirectoryTestSuite.java:159)
at org.apache.maven.surefire.testng.TestNGDirectoryTestSuite.execute(TestNGDirectoryTestSuite.java:99)
at org.apache.maven.surefire.testng.TestNGProvider.invoke(TestNGProvider.java:106)
at java.base/jdk.internal.reflect.NativeMethodAccessorImpl.invoke0(Native Method)
at java.base/jdk.internal.reflect.NativeMethodAccessorImpl.invoke(NativeMethodAccessorImpl.java:62)
at java.base/jdk.internal.reflect.DelegatingMethodAccessorImpl.invoke(DelegatingMethodAccessorImpl.java:43)
at java.base/java.lang.reflect.Method.invoke(Method.java:566)
at org.apache.maven.surefire.util.ReflectionUtils.invokeMethodWithArray(ReflectionUtils.java:189)
at org.apache.maven.surefire.booter.ProviderFactory$ProviderProxy.invoke(ProviderFactory.java:165)
at org.apache.maven.surefire.booter.ProviderFactory.invokeProvider(ProviderFactory.java:85)
at org.apache.maven.surefire.booter.ForkedBooter.runSuitesInProcess(ForkedBooter.java:115)
at org.apache.maven.surefire.booter.ForkedBooter.main(ForkedBooter.java:75)
]]>
            </full-stacktrace>
          </exception> <!-- org.openqa.selenium.ElementNotInteractableException -->
          <reporter-output>
          </reporter-output>
        </test-method> <!-- applyForLeave -->
        <test-method is-config="true" signature="teardown()[pri:0, instance:LeaveTests.ApplyForLeaveTest@3d74bf60]" started-at="2020-09-09T22:35:10 BST" name="teardown" finished-at="2020-09-09T22:35:10 BST" duration-ms="206" status="PASS">
          <reporter-output>
          </reporter-output>
        </test-method> <!-- teardown -->
      </class> <!-- LeaveTests.ApplyForLeaveTest -->
      <class name="LoginTests.LoginTest">
        <test-method is-config="true" signature="initializeDriver()[pri:0, instance:LoginTests.LoginTest@76508ed1]" started-at="2020-09-09T22:34:17 BST" name="initializeDriver" finished-at="2020-09-09T22:34:27 BST" duration-ms="9258" status="PASS">
          <reporter-output>
          </reporter-output>
        </test-method> <!-- initializeDriver -->
        <test-method signature="userSignInWithInvalidCredentials()[pri:0, instance:LoginTests.LoginTest@76508ed1]" started-at="2020-09-09T22:34:27 BST" name="userSignInWithInvalidCredentials" finished-at="2020-09-09T22:34:29 BST" duration-ms="2467" status="PASS">
          <reporter-output>
          </reporter-output>
        </test-method> <!-- userSignInWithInvalidCredentials -->
        <test-method signature="userSignInWithValidCredentials()[pri:0, instance:LoginTests.LoginTest@76508ed1]" started-at="2020-09-09T22:34:29 BST" name="userSignInWithValidCredentials" finished-at="2020-09-09T22:34:31 BST" duration-ms="2118" status="PASS">
          <reporter-output>
          </reporter-output>
        </test-method> <!-- userSignInWithValidCredentials -->
        <test-method is-config="true" signature="teardown()[pri:0, instance:LoginTests.LoginTest@76508ed1]" started-at="2020-09-09T22:34:31 BST" name="teardown" finished-at="2020-09-09T22:34:32 BST" duration-ms="320" status="PASS">
          <reporter-output>
          </reporter-output>
        </test-method> <!-- teardown -->
      </class> <!-- LoginTests.LoginTest -->
    </test> <!-- Command line test -->
  </suite> <!-- Command line suite -->
</testng-results>
