<?xml version="1.0" encoding="UTF-8" ?>
<testsuite tests="8" failures="1" name="TestSuite" time="50.145" errors="0" skipped="0">
  <properties>
[...]
</properties>
  <testcase classname="LoginTests.LoginTest" name="userSignInWithInvalidCredentials" time="2.491"/>
  <testcase classname="LoginTests.LoginTest" name="userSignInWithValidCredentials" time="2.091"/>
  <testcase classname="LeaveTests.VerifyAllCheckboxesSelectedTest" name="verifyAllCheckBoxesSelected" time="4.309"/>
  <testcase classname="LeaveTests.CancelLeaveFromMyLeavePageTest" name="cancelLeaveWithTypeVacationFromMyLeavePage" time="5.331"/>
  <testcase classname="LeaveTests.ApplyForLeaveTest" name="applyForLeave" time="16.967">
    <failure message="element not interactable
  (Session info: chrome=85.0.4183.83)
Build info: version: &apos;3.141.59&apos;, revision: &apos;e82be7d358&apos;, time: &apos;2018-11-14T08:17:03&apos;
System info: host: &apos;Pauls-MacBook-Air.local&apos;, ip: &apos;fe80:0:0:0:82:76bf:6aa2:7e92%en0&apos;, os.name: &apos;Mac OS X&apos;, os.arch: &apos;x86_64&apos;, os.version: &apos;10.14.6&apos;, java.version: &apos;11.0.2&apos;
Driver info: org.openqa.selenium.chrome.ChromeDriver
Capabilities {acceptInsecureCerts: false, browserName: chrome, browserVersion: 85.0.4183.83, chrome: {chromedriverVersion: 85.0.4183.87 (cd6713ebf92fa..., userDataDir: /var/folders/n4/1w5frwzs6nn...}, goog:chromeOptions: {debuggerAddress: localhost:58718}, javascriptEnabled: true, networkConnectionEnabled: false, pageLoadStrategy: normal, platform: MAC, platformName: MAC, proxy: Proxy(), setWindowRect: true, strictFileInteractability: false, timeouts: {implicit: 0, pageLoad: 300000, script: 30000}, unhandledPromptBehavior: dismiss and notify, webauthn:virtualAuthenticators: true}
Session ID: 8b96857cf471d1768f69849674192150" type="org.openqa.selenium.ElementNotInteractableException">org.openqa.selenium.ElementNotInteractableException: element not interactable
  (Session info: chrome=85.0.4183.83)
Build info: version: &apos;3.141.59&apos;, revision: &apos;e82be7d358&apos;, time: &apos;2018-11-14T08:17:03&apos;
System info: host: &apos;Pauls-MacBook-Air.local&apos;, ip: &apos;fe80:0:0:0:82:76bf:6aa2:7e92%en0&apos;, os.name: &apos;Mac OS X&apos;, os.arch: &apos;x86_64&apos;, os.version: &apos;10.14.6&apos;, java.version: &apos;11.0.2&apos;
Driver info: org.openqa.selenium.chrome.ChromeDriver
Capabilities {acceptInsecureCerts: false, browserName: chrome, browserVersion: 85.0.4183.83, chrome: {chromedriverVersion: 85.0.4183.87 (cd6713ebf92fa..., userDataDir: /var/folders/n4/1w5frwzs6nn...}, goog:chromeOptions: {debuggerAddress: localhost:58718}, javascriptEnabled: true, networkConnectionEnabled: false, pageLoadStrategy: normal, platform: MAC, platformName: MAC, proxy: Proxy(), setWindowRect: true, strictFileInteractability: false, timeouts: {implicit: 0, pageLoad: 300000, script: 30000}, unhandledPromptBehavior: dismiss and notify, webauthn:virtualAuthenticators: true}
Session ID: 8b96857cf471d1768f69849674192150
	at java.base/jdk.internal.reflect.NativeConstructorAccessorImpl.newInstance0(Native Method)
	at java.base/jdk.internal.reflect.NativeConstructorAccessorImpl.newInstance(NativeConstructorAccessorImpl.java:62)
	at java.base/jdk.internal.reflect.DelegatingConstructorAccessorImpl.newInstance(DelegatingConstructorAccessorImpl.java:45)
	at java.base/java.lang.reflect.Constructor.newInstance(Constructor.java:490)
	at org.openqa.selenium.remote.http.W3CHttpResponseCodec.createException(W3CHttpResponseCodec.java:187)
	at org.openqa.selenium.remote.http.W3CHttpResponseCodec.decode(W3CHttpResponseCodec.java:122)
	at org.openqa.selenium.remote.http.W3CHttpResponseCodec.decode(W3CHttpResponseCodec.java:49)
	at org.openqa.selenium.remote.HttpCommandExecutor.execute(HttpCommandExecutor.java:158)
	at org.openqa.selenium.remote.service.DriverCommandExecutor.execute(DriverCommandExecutor.java:83)
	at org.openqa.selenium.remote.RemoteWebDriver.execute(RemoteWebDriver.java:552)
	at org.openqa.selenium.remote.RemoteWebElement.execute(RemoteWebElement.java:285)
	at org.openqa.selenium.remote.RemoteWebElement.click(RemoteWebElement.java:84)
	at PageObject.ApplyPageObject.selectDate(ApplyPageObject.java:35)
	at LeaveTests.ApplyForLeaveTest.applyForLeave(ApplyForLeaveTest.java:28)
</failure>
    <system-out>chrome
2020-09-09 22:09:819 INFO  LandingPageObject :29 - Enter username Admin
2020-09-09 22:09:914 INFO  LandingPageObject :34 - Enter password admin123
2020-09-09 22:09:361 INFO  LandingPageObject :39 - Clicked SignIn Btn
2020-09-09 22:09:432 INFO  TabsObject :30 - Clicked Leave Tab
2020-09-09 22:09:133 INFO  TabsObject :34 - Clicked SubLeave Tab
2020-09-09 22:09:263 INFO  Utilities :29 - Selected Vacation US
2020-09-09 22:09:264 INFO  ApplyPageObject :43 - Selected LeaveType Vacation US
2020-09-09 22:09:426 INFO  ApplyPageObject :60 - Clicked From Date Control
2020-09-09 22:09:686 INFO  Utilities :29 - Selected Nov
2020-09-09 22:09:858 INFO  Utilities :29 - Selected 2020
2020-09-09 22:09:266 INFO  ApplyPageObject :34 - Selected 20
2020-09-09 22:09:636 INFO  ApplyPageObject :65 - Clicked To Date Control
2020-09-09 22:09:802 INFO  Utilities :29 - Selected Jan
2020-09-09 22:09:966 INFO  Utilities :29 - Selected 2021
2020-09-09 22:09:125 INFO  ApplyPageObject :34 - Selected 9
2020-09-09 22:09:378 INFO  ApplyPageObject :34 - Selected 9
</system-out>
    <system-err>Starting ChromeDriver 85.0.4183.87 (cd6713ebf92fa1cacc0f1a598df280093af0c5d7-refs/branch-heads/4183@{#1689}) on port 5553
Only local connections are allowed.
Please see https://chromedriver.chromium.org/security-considerations for suggestions on keeping ChromeDriver safe.
ChromeDriver was started successfully.
Sep 09, 2020 10:34:52 PM org.openqa.selenium.remote.ProtocolHandshake createSession
INFO: Detected dialect: W3C
</system-err>
  </testcase>
  <testcase classname="UserManagementTests.DeleteUserTest" name="deleteUser" time="9.282"/>
  <testcase classname="UserManagementTests.AddUserTest" name="addNewUser" time="5.272"/>
  <testcase classname="UserManagementTests.AddUserTest" name="verifyNewUserAdded" time="4.402"/>
</testsuite>